<?xml version="1.0" encoding="UTF-8"?>
<testsuite xmlns:xsi="http://www.w3.org/2001/XMLSchema-instance" xsi:noNamespaceSchemaLocation="https://maven.apache.org/surefire/maven-surefire-plugin/xsd/surefire-test-report-3.0.xsd" version="3.0" name="unit5_testing_laskin.ExtraTest" time="0.425" tests="13" errors="0" skipped="0" failures="0">
  <properties>
    <property name="java.specification.version" value="22"/>
    <property name="sun.jnu.encoding" value="UTF-8"/>
    <property name="java.class.path" value="/Users/samupietila/Ohjelmistotuotantoprojekti_tehtavat/laskin/target/test-classes:/Users/samupietila/Ohjelmistotuotantoprojekti_tehtavat/laskin/target/classes:/Users/samupietila/.m2/repository/org/junit/jupiter/junit-jupiter/5.10.2/junit-jupiter-5.10.2.jar:/Users/samupietila/.m2/repository/org/junit/jupiter/junit-jupiter-api/5.10.2/junit-jupiter-api-5.10.2.jar:/Users/samupietila/.m2/repository/org/opentest4j/opentest4j/1.3.0/opentest4j-1.3.0.jar:/Users/samupietila/.m2/repository/org/junit/platform/junit-platform-commons/1.10.2/junit-platform-commons-1.10.2.jar:/Users/samupietila/.m2/repository/org/apiguardian/apiguardian-api/1.1.2/apiguardian-api-1.1.2.jar:/Users/samupietila/.m2/repository/org/junit/jupiter/junit-jupiter-params/5.10.2/junit-jupiter-params-5.10.2.jar:/Users/samupietila/.m2/repository/org/junit/jupiter/junit-jupiter-engine/5.10.2/junit-jupiter-engine-5.10.2.jar:/Users/samupietila/.m2/repository/org/junit/platform/junit-platform-engine/1.10.2/junit-platform-engine-1.10.2.jar:"/>
    <property name="java.vm.vendor" value="Homebrew"/>
    <property name="sun.arch.data.model" value="64"/>
    <property name="java.vendor.url" value="https://github.com/Homebrew/homebrew-core/issues"/>
    <property name="os.name" value="Mac OS X"/>
    <property name="java.vm.specification.version" value="22"/>
    <property name="sun.java.launcher" value="SUN_STANDARD"/>
    <property name="user.country" value="FI"/>
    <property name="sun.boot.library.path" value="/usr/local/Cellar/openjdk/22.0.2/libexec/openjdk.jdk/Contents/Home/lib"/>
    <property name="sun.java.command" value="/Users/samupietila/Ohjelmistotuotantoprojekti_tehtavat/laskin/target/surefire/surefirebooter-20240916155455506_3.jar /Users/samupietila/Ohjelmistotuotantoprojekti_tehtavat/laskin/target/surefire 2024-09-16T15-54-55_367-jvmRun1 surefire-20240916155455506_1tmp surefire_0-20240916155455506_2tmp"/>
    <property name="jdk.debug" value="release"/>
    <property name="surefire.test.class.path" value="/Users/samupietila/Ohjelmistotuotantoprojekti_tehtavat/laskin/target/test-classes:/Users/samupietila/Ohjelmistotuotantoprojekti_tehtavat/laskin/target/classes:/Users/samupietila/.m2/repository/org/junit/jupiter/junit-jupiter/5.10.2/junit-jupiter-5.10.2.jar:/Users/samupietila/.m2/repository/org/junit/jupiter/junit-jupiter-api/5.10.2/junit-jupiter-api-5.10.2.jar:/Users/samupietila/.m2/repository/org/opentest4j/opentest4j/1.3.0/opentest4j-1.3.0.jar:/Users/samupietila/.m2/repository/org/junit/platform/junit-platform-commons/1.10.2/junit-platform-commons-1.10.2.jar:/Users/samupietila/.m2/repository/org/apiguardian/apiguardian-api/1.1.2/apiguardian-api-1.1.2.jar:/Users/samupietila/.m2/repository/org/junit/jupiter/junit-jupiter-params/5.10.2/junit-jupiter-params-5.10.2.jar:/Users/samupietila/.m2/repository/org/junit/jupiter/junit-jupiter-engine/5.10.2/junit-jupiter-engine-5.10.2.jar:/Users/samupietila/.m2/repository/org/junit/platform/junit-platform-engine/1.10.2/junit-platform-engine-1.10.2.jar:"/>
    <property name="sun.cpu.endian" value="little"/>
    <property name="user.home" value="/Users/samupietila"/>
    <property name="user.language" value="fi"/>
    <property name="java.specification.vendor" value="Oracle Corporation"/>
    <property name="java.version.date" value="2024-07-16"/>
    <property name="java.home" value="/usr/local/Cellar/openjdk/22.0.2/libexec/openjdk.jdk/Contents/Home"/>
    <property name="file.separator" value="/"/>
    <property name="basedir" value="/Users/samupietila/Ohjelmistotuotantoprojekti_tehtavat/laskin"/>
    <property name="java.vm.compressedOopsMode" value="Zero based"/>
    <property name="line.separator" value="&#10;"/>
    <property name="java.specification.name" value="Java Platform API Specification"/>
    <property name="java.vm.specification.vendor" value="Oracle Corporation"/>
    <property name="apple.awt.application.name" value="ForkedBooter"/>
    <property name="surefire.real.class.path" value="/Users/samupietila/Ohjelmistotuotantoprojekti_tehtavat/laskin/target/surefire/surefirebooter-20240916155455506_3.jar"/>
    <property name="sun.management.compiler" value="HotSpot 64-Bit Tiered Compilers"/>
    <property name="java.runtime.version" value="22.0.2"/>
    <property name="user.name" value="samupietila"/>
    <property name="stdout.encoding" value="UTF-8"/>
    <property name="path.separator" value=":"/>
    <property name="os.version" value="13.6.7"/>
    <property name="java.runtime.name" value="OpenJDK Runtime Environment"/>
    <property name="file.encoding" value="UTF-8"/>
    <property name="java.vm.name" value="OpenJDK 64-Bit Server VM"/>
    <property name="java.vendor.version" value="Homebrew"/>
    <property name="localRepository" value="/Users/samupietila/.m2/repository"/>
    <property name="java.vendor.url.bug" value="https://github.com/Homebrew/homebrew-core/issues"/>
    <property name="java.io.tmpdir" value="/var/folders/t2/twv49nf96d12mgczdl0s50s80000gn/T/"/>
    <property name="java.version" value="22.0.2"/>
    <property name="user.dir" value="/Users/samupietila/Ohjelmistotuotantoprojekti_tehtavat/laskin"/>
    <property name="os.arch" value="x86_64"/>
    <property name="java.vm.specification.name" value="Java Virtual Machine Specification"/>
    <property name="native.encoding" value="UTF-8"/>
    <property name="java.library.path" value="/Users/samupietila/Library/Java/Extensions:/Library/Java/Extensions:/Network/Library/Java/Extensions:/System/Library/Java/Extensions:/usr/lib/java:."/>
    <property name="java.vm.info" value="mixed mode, sharing"/>
    <property name="stderr.encoding" value="UTF-8"/>
    <property name="java.vendor" value="Homebrew"/>
    <property name="java.vm.version" value="22.0.2"/>
    <property name="sun.io.unicode.encoding" value="UnicodeBig"/>
    <property name="java.class.version" value="66.0"/>
  </properties>
  <testcase name="testNeliojuuriNegat" classname="unit5_testing_laskin.ExtraTest" time="0.036">
    <system-out><![CDATA[@BeforeAll TESTAAMINEN ALKAA.
@BeforeAll Virta ON (ennen ensimmäistä testiä)
Virta päällä.
  @BeforeEach Käynnistä uusi testimetodi.
  Nollaa laskin.
  @AfterEach Testimetodi suoritettu.
]]></system-out>
  </testcase>
  <testcase name="testNelio(double, double)[1]" classname="unit5_testing_laskin.ExtraTest" time="0.062">
    <system-out><![CDATA[  @BeforeEach Käynnistä uusi testimetodi.
  Nollaa laskin.
  @AfterEach Testimetodi suoritettu.
]]></system-out>
  </testcase>
  <testcase name="testNelio(double, double)[2]" classname="unit5_testing_laskin.ExtraTest" time="0.003">
    <system-out><![CDATA[  @BeforeEach Käynnistä uusi testimetodi.
  Nollaa laskin.
  @AfterEach Testimetodi suoritettu.
]]></system-out>
  </testcase>
  <testcase name="testNelio(double, double)[3]" classname="unit5_testing_laskin.ExtraTest" time="0.002">
    <system-out><![CDATA[  @BeforeEach Käynnistä uusi testimetodi.
  Nollaa laskin.
  @AfterEach Testimetodi suoritettu.
]]></system-out>
  </testcase>
  <testcase name="testNelio(double, double)[4]" classname="unit5_testing_laskin.ExtraTest" time="0.002">
    <system-out><![CDATA[  @BeforeEach Käynnistä uusi testimetodi.
  Nollaa laskin.
  @AfterEach Testimetodi suoritettu.
]]></system-out>
  </testcase>
  <testcase name="testNelio(double, double)[5]" classname="unit5_testing_laskin.ExtraTest" time="0.003">
    <system-out><![CDATA[  @BeforeEach Käynnistä uusi testimetodi.
  Nollaa laskin.
  @AfterEach Testimetodi suoritettu.
]]></system-out>
  </testcase>
  <testcase name="testNelio(double, double)[6]" classname="unit5_testing_laskin.ExtraTest" time="0.005">
    <system-out><![CDATA[  @BeforeEach Käynnistä uusi testimetodi.
  Nollaa laskin.
  @AfterEach Testimetodi suoritettu.
]]></system-out>
  </testcase>
  <testcase name="testNeliojuuri2(double, double)[1]" classname="unit5_testing_laskin.ExtraTest" time="0.003">
    <system-out><![CDATA[  @BeforeEach Käynnistä uusi testimetodi.
  Nollaa laskin.
  @AfterEach Testimetodi suoritettu.
]]></system-out>
  </testcase>
  <testcase name="testNeliojuuri2(double, double)[2]" classname="unit5_testing_laskin.ExtraTest" time="0.004">
    <system-out><![CDATA[  @BeforeEach Käynnistä uusi testimetodi.
  Nollaa laskin.
  @AfterEach Testimetodi suoritettu.
]]></system-out>
  </testcase>
  <testcase name="testNeliojuuri2(double, double)[3]" classname="unit5_testing_laskin.ExtraTest" time="0.003">
    <system-out><![CDATA[  @BeforeEach Käynnistä uusi testimetodi.
  Nollaa laskin.
  @AfterEach Testimetodi suoritettu.
]]></system-out>
  </testcase>
  <testcase name="testNeliojuuri2(double, double)[4]" classname="unit5_testing_laskin.ExtraTest" time="0.002">
    <system-out><![CDATA[  @BeforeEach Käynnistä uusi testimetodi.
  Nollaa laskin.
  @AfterEach Testimetodi suoritettu.
]]></system-out>
  </testcase>
  <testcase name="testNeliojuuri2(double, double)[5]" classname="unit5_testing_laskin.ExtraTest" time="0.002">
    <system-out><![CDATA[  @BeforeEach Käynnistä uusi testimetodi.
  Nollaa laskin.
  @AfterEach Testimetodi suoritettu.
]]></system-out>
  </testcase>
  <testcase name="testNeliojuuri2(double, double)[6]" classname="unit5_testing_laskin.ExtraTest" time="0.009">
    <system-out><![CDATA[  @BeforeEach Käynnistä uusi testimetodi.
  Nollaa laskin.
  @AfterEach Testimetodi suoritettu.
]]></system-out>
  </testcase>
</testsuite>